<?xml version="1.0" encoding="UTF-8"?>
<coverage generated="1701034506550" clover="3.2.0">
  <project timestamp="1701034506550" name="All files">
    <metrics statements="178" coveredstatements="94" conditionals="75" coveredconditionals="28" methods="72" coveredmethods="25" elements="325" coveredelements="147" complexity="0" loc="178" ncloc="178" packages="7" files="16" classes="16"/>
    <package name="example-data">
      <metrics statements="2" coveredstatements="2" conditionals="0" coveredconditionals="0" methods="0" coveredmethods="0"/>
      <file name="reviewData.js" path="/Users/stevenkim/Desktop/HackReactor/atelier/example-data/reviewData.js">
        <metrics statements="2" coveredstatements="2" conditionals="0" coveredconditionals="0" methods="0" coveredmethods="0"/>
        <line num="1" count="1" type="stmt"/>
        <line num="69" count="1" type="stmt"/>
      </file>
    </package>
    <package name="src.components.star-rating">
      <metrics statements="13" coveredstatements="13" conditionals="4" coveredconditionals="4" methods="5" coveredmethods="5"/>
      <file name="StarRating.jsx" path="/Users/stevenkim/Desktop/HackReactor/atelier/src/components/star-rating/StarRating.jsx">
        <metrics statements="6" coveredstatements="6" conditionals="0" coveredconditionals="0" methods="4" coveredmethods="4"/>
        <line num="5" count="2" type="stmt"/>
        <line num="6" count="18" type="stmt"/>
        <line num="7" count="18" type="stmt"/>
        <line num="9" count="18" type="stmt"/>
        <line num="14" count="90" type="stmt"/>
        <line num="27" count="90" type="stmt"/>
      </file>
      <file name="convertRating.js" path="/Users/stevenkim/Desktop/HackReactor/atelier/src/components/star-rating/convertRating.js">
        <metrics statements="7" coveredstatements="7" conditionals="4" coveredconditionals="4" methods="1" coveredmethods="1"/>
        <line num="3" count="2" type="stmt"/>
        <line num="4" count="21" type="stmt"/>
        <line num="5" count="21" type="stmt"/>
        <line num="6" count="21" type="cond" truecount="2" falsecount="0"/>
        <line num="7" count="16" type="stmt"/>
        <line num="9" count="5" type="cond" truecount="2" falsecount="0"/>
        <line num="12" count="5" type="stmt"/>
      </file>
    </package>
    <package name="src.qa">
      <metrics statements="59" coveredstatements="27" conditionals="38" coveredconditionals="15" methods="24" coveredmethods="6"/>
      <file name="AnswerEntry.jsx" path="/Users/stevenkim/Desktop/HackReactor/atelier/src/qa/AnswerEntry.jsx">
        <metrics statements="20" coveredstatements="8" conditionals="16" coveredconditionals="6" methods="10" coveredmethods="1"/>
        <line num="1" count="3" type="stmt"/>
        <line num="7" count="12" type="stmt"/>
        <line num="8" count="12" type="stmt"/>
        <line num="9" count="12" type="stmt"/>
        <line num="10" count="12" type="stmt"/>
        <line num="12" count="12" type="stmt"/>
        <line num="13" count="0" type="cond" truecount="0" falsecount="2"/>
        <line num="14" count="0" type="stmt"/>
        <line num="16" count="0" type="stmt"/>
        <line num="17" count="0" type="stmt"/>
        <line num="20" count="0" type="stmt"/>
        <line num="25" count="12" type="stmt"/>
        <line num="26" count="0" type="cond" truecount="0" falsecount="2"/>
        <line num="27" count="0" type="stmt"/>
        <line num="29" count="0" type="stmt"/>
        <line num="32" count="0" type="stmt"/>
        <line num="37" count="12" type="stmt"/>
        <line num="42" count="0" type="stmt"/>
        <line num="54" count="0" type="stmt"/>
        <line num="63" count="0" type="cond" truecount="1" falsecount="1"/>
      </file>
      <file name="AnswerList.jsx" path="/Users/stevenkim/Desktop/HackReactor/atelier/src/qa/AnswerList.jsx">
        <metrics statements="2" coveredstatements="2" conditionals="8" coveredconditionals="7" methods="2" coveredmethods="2"/>
        <line num="5" count="4" type="stmt"/>
        <line num="9" count="7" type="stmt"/>
      </file>
      <file name="QuestionEntry.jsx" path="/Users/stevenkim/Desktop/HackReactor/atelier/src/qa/QuestionEntry.jsx">
        <metrics statements="33" coveredstatements="13" conditionals="14" coveredconditionals="2" methods="11" coveredmethods="2"/>
        <line num="6" count="1" type="stmt"/>
        <line num="7" count="1" type="stmt"/>
        <line num="8" count="1" type="stmt"/>
        <line num="9" count="1" type="stmt"/>
        <line num="10" count="1" type="stmt"/>
        <line num="11" count="1" type="stmt"/>
        <line num="13" count="1" type="stmt"/>
        <line num="14" count="0" type="cond" truecount="0" falsecount="2"/>
        <line num="17" count="0" type="stmt"/>
        <line num="18" count="0" type="stmt"/>
        <line num="21" count="0" type="stmt"/>
        <line num="25" count="1" type="stmt"/>
        <line num="27" count="1" type="stmt"/>
        <line num="28" count="0" type="stmt"/>
        <line num="29" count="0" type="stmt"/>
        <line num="32" count="1" type="stmt"/>
        <line num="33" count="0" type="stmt"/>
        <line num="34" count="0" type="stmt"/>
        <line num="37" count="1" type="stmt"/>
        <line num="38" count="1" type="stmt"/>
        <line num="40" count="0" type="stmt"/>
        <line num="41" count="0" type="stmt"/>
        <line num="42" count="0" type="stmt"/>
        <line num="44" count="0" type="cond" truecount="0" falsecount="4"/>
        <line num="45" count="0" type="stmt"/>
        <line num="46" count="0" type="cond" truecount="0" falsecount="4"/>
        <line num="47" count="0" type="stmt"/>
        <line num="49" count="0" type="stmt"/>
        <line num="52" count="0" type="stmt"/>
        <line num="53" count="0" type="stmt"/>
        <line num="56" count="0" type="stmt"/>
        <line num="60" count="1" type="stmt"/>
        <line num="73" count="0" type="stmt"/>
      </file>
      <file name="convertDate.js" path="/Users/stevenkim/Desktop/HackReactor/atelier/src/qa/convertDate.js">
        <metrics statements="4" coveredstatements="4" conditionals="0" coveredconditionals="0" methods="1" coveredmethods="1"/>
        <line num="1" count="3" type="stmt"/>
        <line num="2" count="16" type="stmt"/>
        <line num="3" count="16" type="stmt"/>
        <line num="9" count="16" type="stmt"/>
      </file>
    </package>
    <package name="src.qa.example-data">
      <metrics statements="2" coveredstatements="2" conditionals="0" coveredconditionals="0" methods="0" coveredmethods="0"/>
      <file name="answersData.js" path="/Users/stevenkim/Desktop/HackReactor/atelier/src/qa/example-data/answersData.js">
        <metrics statements="1" coveredstatements="1" conditionals="0" coveredconditionals="0" methods="0" coveredmethods="0"/>
        <line num="1" count="2" type="stmt"/>
      </file>
      <file name="questionsData.js" path="/Users/stevenkim/Desktop/HackReactor/atelier/src/qa/example-data/questionsData.js">
        <metrics statements="1" coveredstatements="1" conditionals="0" coveredconditionals="0" methods="0" coveredmethods="0"/>
        <line num="1" count="1" type="stmt"/>
      </file>
    </package>
    <package name="src.ratings-reviews.components">
      <metrics statements="50" coveredstatements="27" conditionals="24" coveredconditionals="9" methods="27" coveredmethods="9"/>
      <file name="ReviewItem.jsx" path="/Users/stevenkim/Desktop/HackReactor/atelier/src/ratings-reviews/components/ReviewItem.jsx">
        <metrics statements="24" coveredstatements="11" conditionals="14" coveredconditionals="6" methods="15" coveredmethods="3"/>
        <line num="6" count="1" type="stmt"/>
        <line num="8" count="15" type="stmt"/>
        <line num="10" count="15" type="stmt"/>
        <line num="11" count="15" type="stmt"/>
        <line num="12" count="15" type="stmt"/>
        <line num="13" count="15" type="stmt"/>
        <line num="15" count="15" type="stmt"/>
        <line num="16" count="15" type="cond" truecount="1" falsecount="1"/>
        <line num="19" count="15" type="stmt"/>
        <line num="20" count="0" type="cond" truecount="0" falsecount="2"/>
        <line num="21" count="0" type="stmt"/>
        <line num="23" count="0" type="stmt"/>
        <line num="26" count="0" type="stmt"/>
        <line num="29" count="0" type="stmt"/>
        <line num="33" count="15" type="stmt"/>
        <line num="34" count="0" type="cond" truecount="0" falsecount="2"/>
        <line num="35" count="0" type="stmt"/>
        <line num="37" count="0" type="stmt"/>
        <line num="40" count="0" type="stmt"/>
        <line num="44" count="15" type="stmt"/>
        <line num="60" count="0" type="stmt"/>
        <line num="66" count="0" type="stmt"/>
        <line num="80" count="0" type="stmt"/>
        <line num="82" count="0" type="stmt"/>
      </file>
      <file name="ReviewsHeader.jsx" path="/Users/stevenkim/Desktop/HackReactor/atelier/src/ratings-reviews/components/ReviewsHeader.jsx">
        <metrics statements="8" coveredstatements="6" conditionals="0" coveredconditionals="0" methods="4" coveredmethods="2"/>
        <line num="4" count="1" type="stmt"/>
        <line num="5" count="1" type="stmt"/>
        <line num="6" count="1" type="stmt"/>
        <line num="8" count="1" type="stmt"/>
        <line num="9" count="1" type="stmt"/>
        <line num="12" count="1" type="stmt"/>
        <line num="15" count="0" type="stmt"/>
        <line num="20" count="0" type="stmt"/>
      </file>
      <file name="ReviewsList.jsx" path="/Users/stevenkim/Desktop/HackReactor/atelier/src/ratings-reviews/components/ReviewsList.jsx">
        <metrics statements="18" coveredstatements="10" conditionals="10" coveredconditionals="3" methods="8" coveredmethods="4"/>
        <line num="6" count="1" type="stmt"/>
        <line num="7" count="1" type="stmt"/>
        <line num="8" count="1" type="stmt"/>
        <line num="10" count="1" type="stmt"/>
        <line num="11" count="1" type="stmt"/>
        <line num="12" count="5" type="cond" truecount="1" falsecount="1"/>
        <line num="13" count="0" type="stmt"/>
        <line num="17" count="1" type="stmt"/>
        <line num="18" count="0" type="stmt"/>
        <line num="19" count="0" type="cond" truecount="0" falsecount="2"/>
        <line num="20" count="0" type="cond" truecount="0" falsecount="2"/>
        <line num="21" count="0" type="stmt"/>
        <line num="24" count="1" type="stmt"/>
        <line num="26" count="1" type="stmt"/>
        <line num="29" count="0" type="stmt"/>
        <line num="34" count="5" type="stmt"/>
        <line num="42" count="0" type="stmt"/>
        <line num="49" count="0" type="stmt"/>
      </file>
    </package>
    <package name="src.ratings-reviews.hooks">
      <metrics statements="22" coveredstatements="11" conditionals="4" coveredconditionals="0" methods="7" coveredmethods="4"/>
      <file name="useDebounce.jsx" path="/Users/stevenkim/Desktop/HackReactor/atelier/src/ratings-reviews/hooks/useDebounce.jsx">
        <metrics statements="7" coveredstatements="6" conditionals="0" coveredconditionals="0" methods="4" coveredmethods="3"/>
        <line num="3" count="1" type="stmt"/>
        <line num="4" count="1" type="stmt"/>
        <line num="6" count="1" type="stmt"/>
        <line num="7" count="1" type="stmt"/>
        <line num="8" count="0" type="stmt"/>
        <line num="11" count="1" type="stmt"/>
        <line num="14" count="1" type="stmt"/>
      </file>
      <file name="useThrottle.jsx" path="/Users/stevenkim/Desktop/HackReactor/atelier/src/ratings-reviews/hooks/useThrottle.jsx">
        <metrics statements="15" coveredstatements="5" conditionals="4" coveredconditionals="0" methods="3" coveredmethods="1"/>
        <line num="3" count="1" type="stmt"/>
        <line num="4" count="1" type="stmt"/>
        <line num="5" count="1" type="stmt"/>
        <line num="7" count="1" type="stmt"/>
        <line num="8" count="0" type="stmt"/>
        <line num="9" count="0" type="cond" truecount="0" falsecount="2"/>
        <line num="10" count="0" type="stmt"/>
        <line num="11" count="0" type="stmt"/>
        <line num="12" count="0" type="stmt"/>
        <line num="14" count="0" type="stmt"/>
        <line num="18" count="0" type="cond" truecount="0" falsecount="2"/>
        <line num="19" count="0" type="stmt"/>
        <line num="20" count="0" type="stmt"/>
        <line num="22" count="0" type="stmt"/>
        <line num="26" count="1" type="stmt"/>
      </file>
    </package>
    <package name="src.ratings-reviews.lib">
      <metrics statements="30" coveredstatements="12" conditionals="5" coveredconditionals="0" methods="9" coveredmethods="1"/>
      <file name="fetchFunctions.js" path="/Users/stevenkim/Desktop/HackReactor/atelier/src/ratings-reviews/lib/fetchFunctions.js">
        <metrics statements="12" coveredstatements="5" conditionals="3" coveredconditionals="0" methods="5" coveredmethods="0"/>
        <line num="3" count="1" type="stmt"/>
        <line num="4" count="0" type="stmt"/>
        <line num="7" count="1" type="stmt"/>
        <line num="8" count="0" type="stmt"/>
        <line num="9" count="0" type="stmt"/>
        <line num="12" count="1" type="cond" truecount="0" falsecount="1"/>
        <line num="13" count="0" type="stmt"/>
        <line num="14" count="0" type="cond" truecount="0" falsecount="2"/>
        <line num="17" count="1" type="stmt"/>
        <line num="18" count="0" type="stmt"/>
        <line num="21" count="1" type="stmt"/>
        <line num="22" count="0" type="stmt"/>
      </file>
      <file name="utilityFunctions.js" path="/Users/stevenkim/Desktop/HackReactor/atelier/src/ratings-reviews/lib/utilityFunctions.js">
        <metrics statements="18" coveredstatements="7" conditionals="2" coveredconditionals="0" methods="4" coveredmethods="1"/>
        <line num="1" count="1" type="stmt"/>
        <line num="2" count="0" type="stmt"/>
        <line num="3" count="0" type="stmt"/>
        <line num="4" count="0" type="stmt"/>
        <line num="6" count="0" type="stmt"/>
        <line num="9" count="1" type="stmt"/>
        <line num="10" count="0" type="stmt"/>
        <line num="11" count="0" type="cond" truecount="0" falsecount="2"/>
        <line num="12" count="0" type="stmt"/>
        <line num="17" count="1" type="stmt"/>
        <line num="18" count="0" type="stmt"/>
        <line num="19" count="0" type="stmt"/>
        <line num="20" count="0" type="stmt"/>
        <line num="26" count="0" type="stmt"/>
        <line num="29" count="1" type="stmt"/>
        <line num="44" count="1" type="stmt"/>
        <line num="45" count="23" type="stmt"/>
        <line num="46" count="23" type="stmt"/>
      </file>
    </package>
  </project>
</coverage>
