{"/Users/stevenkim/Desktop/HackReactor/atelier/example-data/reviewData.js": {"path":"/Users/stevenkim/Desktop/HackReactor/atelier/example-data/reviewData.js","statementMap":{"0":{"start":{"line":1,"column":23},"end":{"line":67,"column":1}},"1":{"start":{"line":69,"column":24},"end":{"line":100,"column":1}}},"fnMap":{},"branchMap":{},"s":{"0":1,"1":1},"f":{},"b":{},"_coverageSchema":"1a1c01bbd47fc00a2c39e90264f33305004495a9","hash":"59441263e5bc17f4eb9ca30244a0ed0ade2d71bc"}
,"/Users/stevenkim/Desktop/HackReactor/atelier/src/components/star-rating/StarRating.jsx": {"path":"/Users/stevenkim/Desktop/HackReactor/atelier/src/components/star-rating/StarRating.jsx","statementMap":{"0":{"start":{"line":5,"column":19},"end":{"line":39,"column":1}},"1":{"start":{"line":6,"column":23},"end":{"line":6,"column":69}},"2":{"start":{"line":6,"column":37},"end":{"line":6,"column":58}},"3":{"start":{"line":7,"column":21},"end":{"line":7,"column":41}},"4":{"start":{"line":9,"column":2},"end":{"line":38,"column":3}},"5":{"start":{"line":14,"column":12},"end":{"line":20,"column":15}},"6":{"start":{"line":27,"column":12},"end":{"line":33,"column":15}}},"fnMap":{"0":{"name":"(anonymous_0)","decl":{"start":{"line":5,"column":19},"end":{"line":5,"column":20}},"loc":{"start":{"line":5,"column":35},"end":{"line":39,"column":1}},"line":5},"1":{"name":"(anonymous_1)","decl":{"start":{"line":6,"column":31},"end":{"line":6,"column":32}},"loc":{"start":{"line":6,"column":37},"end":{"line":6,"column":58}},"line":6},"2":{"name":"(anonymous_2)","decl":{"start":{"line":13,"column":25},"end":{"line":13,"column":26}},"loc":{"start":{"line":13,"column":42},"end":{"line":21,"column":11}},"line":13},"3":{"name":"(anonymous_3)","decl":{"start":{"line":26,"column":25},"end":{"line":26,"column":26}},"loc":{"start":{"line":26,"column":42},"end":{"line":34,"column":11}},"line":26}},"branchMap":{},"s":{"0":2,"1":18,"2":18,"3":18,"4":18,"5":90,"6":90},"f":{"0":18,"1":18,"2":90,"3":90},"b":{},"_coverageSchema":"1a1c01bbd47fc00a2c39e90264f33305004495a9","hash":"a42432d39ff8cd2b41401e42d30dd03f3e7d2290"}
,"/Users/stevenkim/Desktop/HackReactor/atelier/src/components/star-rating/convertRating.js": {"path":"/Users/stevenkim/Desktop/HackReactor/atelier/src/components/star-rating/convertRating.js","statementMap":{"0":{"start":{"line":3,"column":29},"end":{"line":13,"column":1}},"1":{"start":{"line":4,"column":17},"end":{"line":4,"column":20}},"2":{"start":{"line":5,"column":18},"end":{"line":5,"column":35}},"3":{"start":{"line":6,"column":2},"end":{"line":8,"column":3}},"4":{"start":{"line":7,"column":4},"end":{"line":7,"column":18}},"5":{"start":{"line":9,"column":18},"end":{"line":11,"column":37}},"6":{"start":{"line":12,"column":2},"end":{"line":12,"column":19}}},"fnMap":{"0":{"name":"(anonymous_0)","decl":{"start":{"line":3,"column":29},"end":{"line":3,"column":30}},"loc":{"start":{"line":3,"column":41},"end":{"line":13,"column":1}},"line":3}},"branchMap":{"0":{"loc":{"start":{"line":6,"column":2},"end":{"line":8,"column":3}},"type":"if","locations":[{"start":{"line":6,"column":2},"end":{"line":8,"column":3}},{"start":{},"end":{}}],"line":6},"1":{"loc":{"start":{"line":9,"column":18},"end":{"line":11,"column":37}},"type":"cond-expr","locations":[{"start":{"line":10,"column":6},"end":{"line":10,"column":24}},{"start":{"line":11,"column":6},"end":{"line":11,"column":37}}],"line":9}},"s":{"0":2,"1":21,"2":21,"3":21,"4":16,"5":5,"6":5},"f":{"0":21},"b":{"0":[16,5],"1":[3,2]},"_coverageSchema":"1a1c01bbd47fc00a2c39e90264f33305004495a9","hash":"784b4a540b1f587708c36618b5b836b65917f994"}
,"/Users/stevenkim/Desktop/HackReactor/atelier/src/qa/AnswerEntry.jsx": {"path":"/Users/stevenkim/Desktop/HackReactor/atelier/src/qa/AnswerEntry.jsx","statementMap":{"0":{"start":{"line":1,"column":0},"end":{"line":1,"column":27}},"1":{"start":{"line":7,"column":70},"end":{"line":7,"column":76}},"2":{"start":{"line":8,"column":48},"end":{"line":8,"column":63}},"3":{"start":{"line":9,"column":64},"end":{"line":9,"column":85}},"4":{"start":{"line":10,"column":34},"end":{"line":10,"column":49}},"5":{"start":{"line":12,"column":35},"end":{"line":23,"column":3}},"6":{"start":{"line":13,"column":4},"end":{"line":22,"column":5}},"7":{"start":{"line":14,"column":6},"end":{"line":21,"column":10}},"8":{"start":{"line":16,"column":10},"end":{"line":16,"column":66}},"9":{"start":{"line":17,"column":10},"end":{"line":17,"column":35}},"10":{"start":{"line":20,"column":10},"end":{"line":20,"column":27}},"11":{"start":{"line":25,"column":28},"end":{"line":35,"column":3}},"12":{"start":{"line":26,"column":4},"end":{"line":34,"column":5}},"13":{"start":{"line":27,"column":6},"end":{"line":33,"column":10}},"14":{"start":{"line":29,"column":10},"end":{"line":29,"column":28}},"15":{"start":{"line":32,"column":10},"end":{"line":32,"column":27}},"16":{"start":{"line":37,"column":2},"end":{"line":67,"column":3}},"17":{"start":{"line":42,"column":10},"end":{"line":42,"column":104}},"18":{"start":{"line":54,"column":28},"end":{"line":54,"column":63}},"19":{"start":{"line":63,"column":26},"end":{"line":63,"column":54}}},"fnMap":{"0":{"name":"AnswerEntry","decl":{"start":{"line":6,"column":24},"end":{"line":6,"column":35}},"loc":{"start":{"line":6,"column":48},"end":{"line":68,"column":1}},"line":6},"1":{"name":"(anonymous_1)","decl":{"start":{"line":12,"column":35},"end":{"line":12,"column":36}},"loc":{"start":{"line":12,"column":43},"end":{"line":23,"column":3}},"line":12},"2":{"name":"(anonymous_2)","decl":{"start":{"line":15,"column":14},"end":{"line":15,"column":15}},"loc":{"start":{"line":15,"column":28},"end":{"line":18,"column":9}},"line":15},"3":{"name":"(anonymous_3)","decl":{"start":{"line":19,"column":15},"end":{"line":19,"column":16}},"loc":{"start":{"line":19,"column":24},"end":{"line":21,"column":9}},"line":19},"4":{"name":"(anonymous_4)","decl":{"start":{"line":25,"column":28},"end":{"line":25,"column":29}},"loc":{"start":{"line":25,"column":36},"end":{"line":35,"column":3}},"line":25},"5":{"name":"(anonymous_5)","decl":{"start":{"line":28,"column":14},"end":{"line":28,"column":15}},"loc":{"start":{"line":28,"column":20},"end":{"line":30,"column":9}},"line":28},"6":{"name":"(anonymous_6)","decl":{"start":{"line":31,"column":15},"end":{"line":31,"column":16}},"loc":{"start":{"line":31,"column":24},"end":{"line":33,"column":9}},"line":31},"7":{"name":"(anonymous_7)","decl":{"start":{"line":41,"column":20},"end":{"line":41,"column":21}},"loc":{"start":{"line":41,"column":31},"end":{"line":43,"column":9}},"line":41},"8":{"name":"(anonymous_8)","decl":{"start":{"line":54,"column":21},"end":{"line":54,"column":22}},"loc":{"start":{"line":54,"column":27},"end":{"line":54,"column":64}},"line":54},"9":{"name":"(anonymous_9)","decl":{"start":{"line":63,"column":19},"end":{"line":63,"column":20}},"loc":{"start":{"line":63,"column":25},"end":{"line":63,"column":55}},"line":63}},"branchMap":{"0":{"loc":{"start":{"line":13,"column":4},"end":{"line":22,"column":5}},"type":"if","locations":[{"start":{"line":13,"column":4},"end":{"line":22,"column":5}},{"start":{},"end":{}}],"line":13},"1":{"loc":{"start":{"line":26,"column":4},"end":{"line":34,"column":5}},"type":"if","locations":[{"start":{"line":26,"column":4},"end":{"line":34,"column":5}},{"start":{},"end":{}}],"line":26},"2":{"loc":{"start":{"line":47,"column":39},"end":{"line":47,"column":75}},"type":"binary-expr","locations":[{"start":{"line":47,"column":39},"end":{"line":47,"column":65}},{"start":{"line":47,"column":69},"end":{"line":47,"column":75}}],"line":47},"3":{"loc":{"start":{"line":53,"column":36},"end":{"line":53,"column":74}},"type":"cond-expr","locations":[{"start":{"line":53,"column":54},"end":{"line":53,"column":60}},{"start":{"line":53,"column":63},"end":{"line":53,"column":74}}],"line":53},"4":{"loc":{"start":{"line":53,"column":84},"end":{"line":53,"column":112}},"type":"binary-expr","locations":[{"start":{"line":53,"column":84},"end":{"line":53,"column":99}},{"start":{"line":53,"column":103},"end":{"line":53,"column":112}}],"line":53},"5":{"loc":{"start":{"line":62,"column":34},"end":{"line":62,"column":65}},"type":"cond-expr","locations":[{"start":{"line":62,"column":45},"end":{"line":62,"column":51}},{"start":{"line":62,"column":54},"end":{"line":62,"column":65}}],"line":62},"6":{"loc":{"start":{"line":62,"column":75},"end":{"line":62,"column":96}},"type":"binary-expr","locations":[{"start":{"line":62,"column":75},"end":{"line":62,"column":83}},{"start":{"line":62,"column":87},"end":{"line":62,"column":96}}],"line":62},"7":{"loc":{"start":{"line":63,"column":58},"end":{"line":63,"column":90}},"type":"cond-expr","locations":[{"start":{"line":63,"column":69},"end":{"line":63,"column":79}},{"start":{"line":63,"column":82},"end":{"line":63,"column":90}}],"line":63}},"s":{"0":3,"1":12,"2":12,"3":12,"4":12,"5":12,"6":0,"7":0,"8":0,"9":0,"10":0,"11":12,"12":0,"13":0,"14":0,"15":0,"16":12,"17":0,"18":0,"19":0},"f":{"0":12,"1":0,"2":0,"3":0,"4":0,"5":0,"6":0,"7":0,"8":0,"9":0},"b":{"0":[0,0],"1":[0,0],"2":[12,0],"3":[0,12],"4":[12,0],"5":[0,12],"6":[12,0],"7":[0,12]},"_coverageSchema":"1a1c01bbd47fc00a2c39e90264f33305004495a9","hash":"65ad1251ffc41f8ade64ceba622bed9c934a0658"}
,"/Users/stevenkim/Desktop/HackReactor/atelier/src/qa/AnswerList.jsx": {"path":"/Users/stevenkim/Desktop/HackReactor/atelier/src/qa/AnswerList.jsx","statementMap":{"0":{"start":{"line":5,"column":2},"end":{"line":21,"column":3}},"1":{"start":{"line":9,"column":10},"end":{"line":9,"column":71}}},"fnMap":{"0":{"name":"AnswerList","decl":{"start":{"line":4,"column":24},"end":{"line":4,"column":34}},"loc":{"start":{"line":4,"column":133},"end":{"line":22,"column":1}},"line":4},"1":{"name":"(anonymous_1)","decl":{"start":{"line":8,"column":27},"end":{"line":8,"column":28}},"loc":{"start":{"line":8,"column":39},"end":{"line":10,"column":9}},"line":8}},"branchMap":{"0":{"loc":{"start":{"line":6,"column":45},"end":{"line":6,"column":97}},"type":"binary-expr","locations":[{"start":{"line":6,"column":45},"end":{"line":6,"column":61}},{"start":{"line":6,"column":65},"end":{"line":6,"column":97}}],"line":6},"1":{"loc":{"start":{"line":13,"column":8},"end":{"line":14,"column":98}},"type":"binary-expr","locations":[{"start":{"line":13,"column":8},"end":{"line":13,"column":24}},{"start":{"line":13,"column":28},"end":{"line":13,"column":64}},{"start":{"line":14,"column":8},"end":{"line":14,"column":98}}],"line":13},"2":{"loc":{"start":{"line":17,"column":8},"end":{"line":18,"column":96}},"type":"binary-expr","locations":[{"start":{"line":17,"column":8},"end":{"line":17,"column":24}},{"start":{"line":17,"column":28},"end":{"line":17,"column":66}},{"start":{"line":18,"column":8},"end":{"line":18,"column":96}}],"line":17}},"s":{"0":4,"1":7},"f":{"0":4,"1":7},"b":{"0":[4,0],"1":[4,3,2],"2":[4,3,1]},"_coverageSchema":"1a1c01bbd47fc00a2c39e90264f33305004495a9","hash":"e930ab689594022acdde0e3366b3853ceea92b0f"}
,"/Users/stevenkim/Desktop/HackReactor/atelier/src/qa/QuestionEntry.jsx": {"path":"/Users/stevenkim/Desktop/HackReactor/atelier/src/qa/QuestionEntry.jsx","statementMap":{"0":{"start":{"line":6,"column":72},"end":{"line":6,"column":80}},"1":{"start":{"line":7,"column":68},"end":{"line":7,"column":98}},"2":{"start":{"line":8,"column":52},"end":{"line":8,"column":67}},"3":{"start":{"line":9,"column":46},"end":{"line":9,"column":58}},"4":{"start":{"line":10,"column":38},"end":{"line":10,"column":50}},"5":{"start":{"line":11,"column":50},"end":{"line":11,"column":65}},"6":{"start":{"line":13,"column":37},"end":{"line":23,"column":3}},"7":{"start":{"line":14,"column":4},"end":{"line":22,"column":9}},"8":{"start":{"line":17,"column":8},"end":{"line":17,"column":68}},"9":{"start":{"line":18,"column":8},"end":{"line":18,"column":35}},"10":{"start":{"line":21,"column":8},"end":{"line":21,"column":25}},"11":{"start":{"line":25,"column":23},"end":{"line":25,"column":50}},"12":{"start":{"line":27,"column":32},"end":{"line":30,"column":3}},"13":{"start":{"line":28,"column":4},"end":{"line":28,"column":34}},"14":{"start":{"line":29,"column":4},"end":{"line":29,"column":30}},"15":{"start":{"line":32,"column":32},"end":{"line":35,"column":3}},"16":{"start":{"line":33,"column":4},"end":{"line":33,"column":46}},"17":{"start":{"line":34,"column":4},"end":{"line":34,"column":31}},"18":{"start":{"line":37,"column":2},"end":{"line":58,"column":9}},"19":{"start":{"line":38,"column":4},"end":{"line":57,"column":8}},"20":{"start":{"line":40,"column":33},"end":{"line":51,"column":10}},"21":{"start":{"line":41,"column":28},"end":{"line":41,"column":56}},"22":{"start":{"line":42,"column":28},"end":{"line":42,"column":56}},"23":{"start":{"line":44,"column":10},"end":{"line":50,"column":11}},"24":{"start":{"line":45,"column":12},"end":{"line":45,"column":22}},"25":{"start":{"line":46,"column":17},"end":{"line":50,"column":11}},"26":{"start":{"line":47,"column":12},"end":{"line":47,"column":21}},"27":{"start":{"line":49,"column":12},"end":{"line":49,"column":49}},"28":{"start":{"line":52,"column":8},"end":{"line":52,"column":40}},"29":{"start":{"line":53,"column":8},"end":{"line":53,"column":56}},"30":{"start":{"line":56,"column":8},"end":{"line":56,"column":25}},"31":{"start":{"line":60,"column":2},"end":{"line":92,"column":3}},"32":{"start":{"line":73,"column":30},"end":{"line":73,"column":69}}},"fnMap":{"0":{"name":"QuestionEntry","decl":{"start":{"line":5,"column":24},"end":{"line":5,"column":37}},"loc":{"start":{"line":5,"column":52},"end":{"line":93,"column":1}},"line":5},"1":{"name":"(anonymous_1)","decl":{"start":{"line":13,"column":37},"end":{"line":13,"column":38}},"loc":{"start":{"line":13,"column":45},"end":{"line":23,"column":3}},"line":13},"2":{"name":"(anonymous_2)","decl":{"start":{"line":16,"column":12},"end":{"line":16,"column":13}},"loc":{"start":{"line":16,"column":18},"end":{"line":19,"column":7}},"line":16},"3":{"name":"(anonymous_3)","decl":{"start":{"line":20,"column":13},"end":{"line":20,"column":14}},"loc":{"start":{"line":20,"column":22},"end":{"line":22,"column":7}},"line":20},"4":{"name":"(anonymous_4)","decl":{"start":{"line":27,"column":32},"end":{"line":27,"column":33}},"loc":{"start":{"line":27,"column":38},"end":{"line":30,"column":3}},"line":27},"5":{"name":"(anonymous_5)","decl":{"start":{"line":32,"column":32},"end":{"line":32,"column":33}},"loc":{"start":{"line":32,"column":38},"end":{"line":35,"column":3}},"line":32},"6":{"name":"(anonymous_6)","decl":{"start":{"line":37,"column":12},"end":{"line":37,"column":13}},"loc":{"start":{"line":37,"column":18},"end":{"line":58,"column":3}},"line":37},"7":{"name":"(anonymous_7)","decl":{"start":{"line":39,"column":12},"end":{"line":39,"column":13}},"loc":{"start":{"line":39,"column":26},"end":{"line":54,"column":7}},"line":39},"8":{"name":"(anonymous_8)","decl":{"start":{"line":40,"column":60},"end":{"line":40,"column":61}},"loc":{"start":{"line":40,"column":69},"end":{"line":51,"column":9}},"line":40},"9":{"name":"(anonymous_9)","decl":{"start":{"line":55,"column":13},"end":{"line":55,"column":14}},"loc":{"start":{"line":55,"column":22},"end":{"line":57,"column":7}},"line":55},"10":{"name":"(anonymous_10)","decl":{"start":{"line":73,"column":23},"end":{"line":73,"column":24}},"loc":{"start":{"line":73,"column":29},"end":{"line":73,"column":70}},"line":73}},"branchMap":{"0":{"loc":{"start":{"line":14,"column":4},"end":{"line":22,"column":8}},"type":"binary-expr","locations":[{"start":{"line":14,"column":4},"end":{"line":14,"column":22}},{"start":{"line":15,"column":4},"end":{"line":22,"column":8}}],"line":14},"1":{"loc":{"start":{"line":44,"column":10},"end":{"line":50,"column":11}},"type":"if","locations":[{"start":{"line":44,"column":10},"end":{"line":50,"column":11}},{"start":{"line":46,"column":17},"end":{"line":50,"column":11}}],"line":44},"2":{"loc":{"start":{"line":44,"column":14},"end":{"line":44,"column":37}},"type":"binary-expr","locations":[{"start":{"line":44,"column":14},"end":{"line":44,"column":23}},{"start":{"line":44,"column":27},"end":{"line":44,"column":37}}],"line":44},"3":{"loc":{"start":{"line":46,"column":17},"end":{"line":50,"column":11}},"type":"if","locations":[{"start":{"line":46,"column":17},"end":{"line":50,"column":11}},{"start":{"line":48,"column":17},"end":{"line":50,"column":11}}],"line":46},"4":{"loc":{"start":{"line":46,"column":21},"end":{"line":46,"column":44}},"type":"binary-expr","locations":[{"start":{"line":46,"column":21},"end":{"line":46,"column":31}},{"start":{"line":46,"column":35},"end":{"line":46,"column":44}}],"line":46},"5":{"loc":{"start":{"line":72,"column":39},"end":{"line":72,"column":79}},"type":"cond-expr","locations":[{"start":{"line":72,"column":59},"end":{"line":72,"column":65}},{"start":{"line":72,"column":68},"end":{"line":72,"column":79}}],"line":72},"6":{"loc":{"start":{"line":72,"column":89},"end":{"line":72,"column":119}},"type":"binary-expr","locations":[{"start":{"line":72,"column":89},"end":{"line":72,"column":106}},{"start":{"line":72,"column":110},"end":{"line":72,"column":119}}],"line":72}},"s":{"0":1,"1":1,"2":1,"3":1,"4":1,"5":1,"6":1,"7":0,"8":0,"9":0,"10":0,"11":1,"12":1,"13":0,"14":0,"15":1,"16":0,"17":0,"18":1,"19":1,"20":0,"21":0,"22":0,"23":0,"24":0,"25":0,"26":0,"27":0,"28":0,"29":0,"30":0,"31":1,"32":0},"f":{"0":1,"1":0,"2":0,"3":0,"4":0,"5":0,"6":1,"7":0,"8":0,"9":0,"10":0},"b":{"0":[0,0],"1":[0,0],"2":[0,0],"3":[0,0],"4":[0,0],"5":[0,1],"6":[1,0]},"_coverageSchema":"1a1c01bbd47fc00a2c39e90264f33305004495a9","hash":"55da6a70ef7909d4b5a93b7cb02b91c9cb43cacb"}
,"/Users/stevenkim/Desktop/HackReactor/atelier/src/qa/convertDate.js": {"path":"/Users/stevenkim/Desktop/HackReactor/atelier/src/qa/convertDate.js","statementMap":{"0":{"start":{"line":1,"column":27},"end":{"line":10,"column":1}},"1":{"start":{"line":2,"column":18},"end":{"line":2,"column":32}},"2":{"start":{"line":3,"column":18},"end":{"line":8,"column":3}},"3":{"start":{"line":9,"column":2},"end":{"line":9,"column":54}}},"fnMap":{"0":{"name":"(anonymous_0)","decl":{"start":{"line":1,"column":27},"end":{"line":1,"column":28}},"loc":{"start":{"line":1,"column":37},"end":{"line":10,"column":1}},"line":1}},"branchMap":{},"s":{"0":3,"1":16,"2":16,"3":16},"f":{"0":16},"b":{},"_coverageSchema":"1a1c01bbd47fc00a2c39e90264f33305004495a9","hash":"f39379b06a42e4f760d71bf9deb5d7a82eec71f8"}
,"/Users/stevenkim/Desktop/HackReactor/atelier/src/qa/example-data/answersData.js": {"path":"/Users/stevenkim/Desktop/HackReactor/atelier/src/qa/example-data/answersData.js","statementMap":{"0":{"start":{"line":1,"column":23},"end":{"line":47,"column":1}}},"fnMap":{},"branchMap":{},"s":{"0":2},"f":{},"b":{},"_coverageSchema":"1a1c01bbd47fc00a2c39e90264f33305004495a9","hash":"c09f8822c2a34d3cce6dfe0696c7034822fa2a8d"}
,"/Users/stevenkim/Desktop/HackReactor/atelier/src/qa/example-data/questionsData.js": {"path":"/Users/stevenkim/Desktop/HackReactor/atelier/src/qa/example-data/questionsData.js","statementMap":{"0":{"start":{"line":1,"column":25},"end":{"line":184,"column":1}}},"fnMap":{},"branchMap":{},"s":{"0":1},"f":{},"b":{},"_coverageSchema":"1a1c01bbd47fc00a2c39e90264f33305004495a9","hash":"42078d26c6d03dd10b1588b1d3e132e03a82995f"}
,"/Users/stevenkim/Desktop/HackReactor/atelier/src/ratings-reviews/components/ReviewItem.jsx": {"path":"/Users/stevenkim/Desktop/HackReactor/atelier/src/ratings-reviews/components/ReviewItem.jsx","statementMap":{"0":{"start":{"line":6,"column":19},"end":{"line":86,"column":1}},"1":{"start":{"line":8,"column":56},"end":{"line":8,"column":62}},"2":{"start":{"line":10,"column":32},"end":{"line":10,"column":47}},"3":{"start":{"line":11,"column":26},"end":{"line":11,"column":40}},"4":{"start":{"line":12,"column":32},"end":{"line":12,"column":53}},"5":{"start":{"line":13,"column":24},"end":{"line":13,"column":64}},"6":{"start":{"line":13,"column":38},"end":{"line":13,"column":55}},"7":{"start":{"line":15,"column":2},"end":{"line":17,"column":8}},"8":{"start":{"line":16,"column":4},"end":{"line":16,"column":44}},"9":{"start":{"line":19,"column":29},"end":{"line":31,"column":3}},"10":{"start":{"line":20,"column":4},"end":{"line":20,"column":24}},"11":{"start":{"line":20,"column":17},"end":{"line":20,"column":24}},"12":{"start":{"line":21,"column":4},"end":{"line":30,"column":8}},"13":{"start":{"line":23,"column":8},"end":{"line":23,"column":32}},"14":{"start":{"line":26,"column":8},"end":{"line":26,"column":25}},"15":{"start":{"line":29,"column":8},"end":{"line":29,"column":25}},"16":{"start":{"line":33,"column":28},"end":{"line":42,"column":3}},"17":{"start":{"line":34,"column":4},"end":{"line":34,"column":24}},"18":{"start":{"line":34,"column":17},"end":{"line":34,"column":24}},"19":{"start":{"line":35,"column":4},"end":{"line":41,"column":8}},"20":{"start":{"line":37,"column":8},"end":{"line":37,"column":24}},"21":{"start":{"line":40,"column":8},"end":{"line":40,"column":25}},"22":{"start":{"line":44,"column":2},"end":{"line":85,"column":3}},"23":{"start":{"line":60,"column":63},"end":{"line":60,"column":76}},"24":{"start":{"line":66,"column":10},"end":{"line":66,"column":173}},"25":{"start":{"line":66,"column":121},"end":{"line":66,"column":169}},"26":{"start":{"line":80,"column":56},"end":{"line":80,"column":85}},"27":{"start":{"line":82,"column":29},"end":{"line":82,"column":57}}},"fnMap":{"0":{"name":"(anonymous_0)","decl":{"start":{"line":6,"column":19},"end":{"line":6,"column":20}},"loc":{"start":{"line":6,"column":35},"end":{"line":86,"column":1}},"line":6},"1":{"name":"(anonymous_1)","decl":{"start":{"line":13,"column":32},"end":{"line":13,"column":33}},"loc":{"start":{"line":13,"column":38},"end":{"line":13,"column":55}},"line":13},"2":{"name":"(anonymous_2)","decl":{"start":{"line":15,"column":12},"end":{"line":15,"column":13}},"loc":{"start":{"line":15,"column":18},"end":{"line":17,"column":3}},"line":15},"3":{"name":"(anonymous_3)","decl":{"start":{"line":19,"column":29},"end":{"line":19,"column":30}},"loc":{"start":{"line":19,"column":37},"end":{"line":31,"column":3}},"line":19},"4":{"name":"(anonymous_4)","decl":{"start":{"line":22,"column":12},"end":{"line":22,"column":13}},"loc":{"start":{"line":22,"column":22},"end":{"line":24,"column":7}},"line":22},"5":{"name":"(anonymous_5)","decl":{"start":{"line":25,"column":13},"end":{"line":25,"column":14}},"loc":{"start":{"line":25,"column":20},"end":{"line":27,"column":7}},"line":25},"6":{"name":"(anonymous_6)","decl":{"start":{"line":28,"column":15},"end":{"line":28,"column":16}},"loc":{"start":{"line":28,"column":21},"end":{"line":30,"column":7}},"line":28},"7":{"name":"(anonymous_7)","decl":{"start":{"line":33,"column":28},"end":{"line":33,"column":29}},"loc":{"start":{"line":33,"column":36},"end":{"line":42,"column":3}},"line":33},"8":{"name":"(anonymous_8)","decl":{"start":{"line":36,"column":13},"end":{"line":36,"column":14}},"loc":{"start":{"line":36,"column":20},"end":{"line":38,"column":7}},"line":36},"9":{"name":"(anonymous_9)","decl":{"start":{"line":39,"column":15},"end":{"line":39,"column":16}},"loc":{"start":{"line":39,"column":21},"end":{"line":41,"column":7}},"line":39},"10":{"name":"(anonymous_10)","decl":{"start":{"line":60,"column":57},"end":{"line":60,"column":58}},"loc":{"start":{"line":60,"column":63},"end":{"line":60,"column":76}},"line":60},"11":{"name":"(anonymous_11)","decl":{"start":{"line":65,"column":19},"end":{"line":65,"column":20}},"loc":{"start":{"line":65,"column":28},"end":{"line":67,"column":9}},"line":65},"12":{"name":"(anonymous_12)","decl":{"start":{"line":66,"column":114},"end":{"line":66,"column":115}},"loc":{"start":{"line":66,"column":119},"end":{"line":66,"column":170}},"line":66},"13":{"name":"(anonymous_13)","decl":{"start":{"line":80,"column":50},"end":{"line":80,"column":51}},"loc":{"start":{"line":80,"column":56},"end":{"line":80,"column":85}},"line":80},"14":{"name":"(anonymous_14)","decl":{"start":{"line":82,"column":23},"end":{"line":82,"column":24}},"loc":{"start":{"line":82,"column":29},"end":{"line":82,"column":57}},"line":82}},"branchMap":{"0":{"loc":{"start":{"line":16,"column":4},"end":{"line":16,"column":43}},"type":"cond-expr","locations":[{"start":{"line":16,"column":24},"end":{"line":16,"column":38}},{"start":{"line":16,"column":41},"end":{"line":16,"column":43}}],"line":16},"1":{"loc":{"start":{"line":20,"column":4},"end":{"line":20,"column":24}},"type":"if","locations":[{"start":{"line":20,"column":4},"end":{"line":20,"column":24}},{"start":{},"end":{}}],"line":20},"2":{"loc":{"start":{"line":34,"column":4},"end":{"line":34,"column":24}},"type":"if","locations":[{"start":{"line":34,"column":4},"end":{"line":34,"column":24}},{"start":{},"end":{}}],"line":34},"3":{"loc":{"start":{"line":49,"column":11},"end":{"line":49,"column":41}},"type":"binary-expr","locations":[{"start":{"line":49,"column":11},"end":{"line":49,"column":16}},{"start":{"line":49,"column":20},"end":{"line":49,"column":41}}],"line":49},"4":{"loc":{"start":{"line":56,"column":9},"end":{"line":61,"column":18}},"type":"cond-expr","locations":[{"start":{"line":57,"column":12},"end":{"line":57,"column":29}},{"start":{"line":58,"column":12},"end":{"line":61,"column":18}}],"line":56},"5":{"loc":{"start":{"line":70,"column":7},"end":{"line":70,"column":64}},"type":"binary-expr","locations":[{"start":{"line":70,"column":7},"end":{"line":70,"column":16}},{"start":{"line":70,"column":20},"end":{"line":70,"column":64}}],"line":70},"6":{"loc":{"start":{"line":72,"column":7},"end":{"line":76,"column":14}},"type":"binary-expr","locations":[{"start":{"line":72,"column":7},"end":{"line":72,"column":15}},{"start":{"line":73,"column":8},"end":{"line":76,"column":14}}],"line":72}},"s":{"0":1,"1":15,"2":15,"3":15,"4":15,"5":15,"6":15,"7":15,"8":15,"9":15,"10":0,"11":0,"12":0,"13":0,"14":0,"15":0,"16":15,"17":0,"18":0,"19":0,"20":0,"21":0,"22":15,"23":0,"24":0,"25":0,"26":0,"27":0},"f":{"0":15,"1":15,"2":15,"3":0,"4":0,"5":0,"6":0,"7":0,"8":0,"9":0,"10":0,"11":0,"12":0,"13":0,"14":0},"b":{"0":[0,15],"1":[0,0],"2":[0,0],"3":[15,0],"4":[15,0],"5":[15,6],"6":[15,0]},"_coverageSchema":"1a1c01bbd47fc00a2c39e90264f33305004495a9","hash":"0e8c571fbc786260a8b3a122fad8ce106b2ba7e4"}
,"/Users/stevenkim/Desktop/HackReactor/atelier/src/ratings-reviews/components/ReviewsHeader.jsx": {"path":"/Users/stevenkim/Desktop/HackReactor/atelier/src/ratings-reviews/components/ReviewsHeader.jsx","statementMap":{"0":{"start":{"line":4,"column":22},"end":{"line":23,"column":1}},"1":{"start":{"line":5,"column":28},"end":{"line":5,"column":40}},"2":{"start":{"line":6,"column":16},"end":{"line":6,"column":39}},"3":{"start":{"line":8,"column":2},"end":{"line":10,"column":14}},"4":{"start":{"line":9,"column":4},"end":{"line":9,"column":21}},"5":{"start":{"line":12,"column":2},"end":{"line":22,"column":3}},"6":{"start":{"line":15,"column":83},"end":{"line":15,"column":106}},"7":{"start":{"line":20,"column":83},"end":{"line":20,"column":107}}},"fnMap":{"0":{"name":"(anonymous_0)","decl":{"start":{"line":4,"column":22},"end":{"line":4,"column":23}},"loc":{"start":{"line":4,"column":64},"end":{"line":23,"column":1}},"line":4},"1":{"name":"(anonymous_1)","decl":{"start":{"line":8,"column":12},"end":{"line":8,"column":13}},"loc":{"start":{"line":8,"column":18},"end":{"line":10,"column":3}},"line":8},"2":{"name":"(anonymous_2)","decl":{"start":{"line":15,"column":76},"end":{"line":15,"column":77}},"loc":{"start":{"line":15,"column":83},"end":{"line":15,"column":106}},"line":15},"3":{"name":"(anonymous_3)","decl":{"start":{"line":20,"column":78},"end":{"line":20,"column":79}},"loc":{"start":{"line":20,"column":83},"end":{"line":20,"column":107}},"line":20}},"branchMap":{},"s":{"0":1,"1":1,"2":1,"3":1,"4":1,"5":1,"6":0,"7":0},"f":{"0":1,"1":1,"2":0,"3":0},"b":{},"_coverageSchema":"1a1c01bbd47fc00a2c39e90264f33305004495a9","hash":"98386c6f201461f5e2237e73cc48184b281890cd"}
,"/Users/stevenkim/Desktop/HackReactor/atelier/src/ratings-reviews/components/ReviewsList.jsx": {"path":"/Users/stevenkim/Desktop/HackReactor/atelier/src/ratings-reviews/components/ReviewsList.jsx","statementMap":{"0":{"start":{"line":6,"column":20},"end":{"line":58,"column":2}},"1":{"start":{"line":7,"column":40},"end":{"line":7,"column":52}},"2":{"start":{"line":8,"column":42},"end":{"line":8,"column":57}},"3":{"start":{"line":10,"column":15},"end":{"line":15,"column":31}},"4":{"start":{"line":11,"column":4},"end":{"line":14,"column":6}},"5":{"start":{"line":12,"column":6},"end":{"line":12,"column":48}},"6":{"start":{"line":12,"column":34},"end":{"line":12,"column":48}},"7":{"start":{"line":13,"column":6},"end":{"line":13,"column":78}},"8":{"start":{"line":17,"column":23},"end":{"line":23,"column":3}},"9":{"start":{"line":18,"column":54},"end":{"line":18,"column":62}},"10":{"start":{"line":19,"column":4},"end":{"line":19,"column":86}},"11":{"start":{"line":20,"column":4},"end":{"line":22,"column":5}},"12":{"start":{"line":21,"column":6},"end":{"line":21,"column":28}},"13":{"start":{"line":24,"column":26},"end":{"line":24,"column":56}},"14":{"start":{"line":26,"column":2},"end":{"line":57,"column":3}},"15":{"start":{"line":29,"column":58},"end":{"line":29,"column":76}},"16":{"start":{"line":34,"column":18},"end":{"line":34,"column":78}},"17":{"start":{"line":42,"column":58},"end":{"line":42,"column":72}},"18":{"start":{"line":49,"column":55},"end":{"line":49,"column":107}}},"fnMap":{"0":{"name":"(anonymous_0)","decl":{"start":{"line":6,"column":31},"end":{"line":6,"column":32}},"loc":{"start":{"line":6,"column":110},"end":{"line":58,"column":1}},"line":6},"1":{"name":"(anonymous_1)","decl":{"start":{"line":10,"column":23},"end":{"line":10,"column":24}},"loc":{"start":{"line":10,"column":29},"end":{"line":15,"column":3}},"line":10},"2":{"name":"(anonymous_2)","decl":{"start":{"line":11,"column":29},"end":{"line":11,"column":30}},"loc":{"start":{"line":11,"column":39},"end":{"line":14,"column":5}},"line":11},"3":{"name":"(anonymous_3)","decl":{"start":{"line":17,"column":23},"end":{"line":17,"column":24}},"loc":{"start":{"line":17,"column":30},"end":{"line":23,"column":3}},"line":17},"4":{"name":"(anonymous_4)","decl":{"start":{"line":29,"column":53},"end":{"line":29,"column":54}},"loc":{"start":{"line":29,"column":58},"end":{"line":29,"column":76}},"line":29},"5":{"name":"(anonymous_5)","decl":{"start":{"line":33,"column":25},"end":{"line":33,"column":26}},"loc":{"start":{"line":33,"column":35},"end":{"line":35,"column":17}},"line":33},"6":{"name":"(anonymous_6)","decl":{"start":{"line":42,"column":52},"end":{"line":42,"column":53}},"loc":{"start":{"line":42,"column":58},"end":{"line":42,"column":72}},"line":42},"7":{"name":"(anonymous_7)","decl":{"start":{"line":49,"column":49},"end":{"line":49,"column":50}},"loc":{"start":{"line":49,"column":55},"end":{"line":49,"column":107}},"line":49}},"branchMap":{"0":{"loc":{"start":{"line":12,"column":6},"end":{"line":12,"column":48}},"type":"if","locations":[{"start":{"line":12,"column":6},"end":{"line":12,"column":48}},{"start":{},"end":{}}],"line":12},"1":{"loc":{"start":{"line":19,"column":4},"end":{"line":19,"column":85}},"type":"cond-expr","locations":[{"start":{"line":19,"column":39},"end":{"line":19,"column":60}},{"start":{"line":19,"column":63},"end":{"line":19,"column":85}}],"line":19},"2":{"loc":{"start":{"line":20,"column":4},"end":{"line":22,"column":5}},"type":"if","locations":[{"start":{"line":20,"column":4},"end":{"line":22,"column":5}},{"start":{},"end":{}}],"line":20},"3":{"loc":{"start":{"line":30,"column":9},"end":{"line":38,"column":56}},"type":"cond-expr","locations":[{"start":{"line":31,"column":12},"end":{"line":37,"column":15}},{"start":{"line":38,"column":12},"end":{"line":38,"column":56}}],"line":30},"4":{"loc":{"start":{"line":48,"column":9},"end":{"line":53,"column":17}},"type":"binary-expr","locations":[{"start":{"line":48,"column":9},"end":{"line":48,"column":21}},{"start":{"line":49,"column":10},"end":{"line":53,"column":17}}],"line":48}},"s":{"0":1,"1":1,"2":1,"3":1,"4":1,"5":5,"6":5,"7":0,"8":1,"9":0,"10":0,"11":0,"12":0,"13":1,"14":1,"15":0,"16":5,"17":0,"18":0},"f":{"0":1,"1":1,"2":5,"3":0,"4":0,"5":5,"6":0,"7":0},"b":{"0":[5,0],"1":[0,0],"2":[0,0],"3":[1,0],"4":[1,0]},"_coverageSchema":"1a1c01bbd47fc00a2c39e90264f33305004495a9","hash":"e24be0acd737a855e738b156e7d4cc9257a069c0"}
,"/Users/stevenkim/Desktop/HackReactor/atelier/src/ratings-reviews/hooks/useDebounce.jsx": {"path":"/Users/stevenkim/Desktop/HackReactor/atelier/src/ratings-reviews/hooks/useDebounce.jsx","statementMap":{"0":{"start":{"line":3,"column":20},"end":{"line":15,"column":1}},"1":{"start":{"line":4,"column":28},"end":{"line":4,"column":47}},"2":{"start":{"line":6,"column":2},"end":{"line":12,"column":17}},"3":{"start":{"line":7,"column":23},"end":{"line":9,"column":13}},"4":{"start":{"line":8,"column":6},"end":{"line":8,"column":26}},"5":{"start":{"line":11,"column":4},"end":{"line":11,"column":44}},"6":{"start":{"line":11,"column":17},"end":{"line":11,"column":43}},"7":{"start":{"line":14,"column":2},"end":{"line":14,"column":15}}},"fnMap":{"0":{"name":"(anonymous_0)","decl":{"start":{"line":3,"column":20},"end":{"line":3,"column":21}},"loc":{"start":{"line":3,"column":42},"end":{"line":15,"column":1}},"line":3},"1":{"name":"(anonymous_1)","decl":{"start":{"line":6,"column":12},"end":{"line":6,"column":13}},"loc":{"start":{"line":6,"column":18},"end":{"line":12,"column":3}},"line":6},"2":{"name":"(anonymous_2)","decl":{"start":{"line":7,"column":34},"end":{"line":7,"column":35}},"loc":{"start":{"line":7,"column":40},"end":{"line":9,"column":5}},"line":7},"3":{"name":"(anonymous_3)","decl":{"start":{"line":11,"column":11},"end":{"line":11,"column":12}},"loc":{"start":{"line":11,"column":17},"end":{"line":11,"column":43}},"line":11}},"branchMap":{},"s":{"0":1,"1":1,"2":1,"3":1,"4":0,"5":1,"6":1,"7":1},"f":{"0":1,"1":1,"2":0,"3":1},"b":{},"_coverageSchema":"1a1c01bbd47fc00a2c39e90264f33305004495a9","hash":"e67e406834f6362408f9da2f300ae63147dca5b2"}
,"/Users/stevenkim/Desktop/HackReactor/atelier/src/ratings-reviews/hooks/useThrottle.jsx": {"path":"/Users/stevenkim/Desktop/HackReactor/atelier/src/ratings-reviews/hooks/useThrottle.jsx","statementMap":{"0":{"start":{"line":3,"column":20},"end":{"line":27,"column":1}},"1":{"start":{"line":4,"column":15},"end":{"line":4,"column":19}},"2":{"start":{"line":5,"column":15},"end":{"line":5,"column":19}},"3":{"start":{"line":7,"column":19},"end":{"line":24,"column":17}},"4":{"start":{"line":8,"column":17},"end":{"line":16,"column":5}},"5":{"start":{"line":9,"column":6},"end":{"line":15,"column":7}},"6":{"start":{"line":10,"column":8},"end":{"line":10,"column":31}},"7":{"start":{"line":11,"column":8},"end":{"line":11,"column":22}},"8":{"start":{"line":12,"column":8},"end":{"line":12,"column":41}},"9":{"start":{"line":14,"column":8},"end":{"line":14,"column":22}},"10":{"start":{"line":18,"column":4},"end":{"line":23,"column":5}},"11":{"start":{"line":19,"column":6},"end":{"line":19,"column":27}},"12":{"start":{"line":20,"column":6},"end":{"line":20,"column":39}},"13":{"start":{"line":22,"column":6},"end":{"line":22,"column":20}},"14":{"start":{"line":26,"column":2},"end":{"line":26,"column":18}}},"fnMap":{"0":{"name":"(anonymous_0)","decl":{"start":{"line":3,"column":20},"end":{"line":3,"column":21}},"loc":{"start":{"line":3,"column":35},"end":{"line":27,"column":1}},"line":3},"1":{"name":"(anonymous_1)","decl":{"start":{"line":7,"column":31},"end":{"line":7,"column":32}},"loc":{"start":{"line":7,"column":44},"end":{"line":24,"column":3}},"line":7},"2":{"name":"(anonymous_2)","decl":{"start":{"line":8,"column":17},"end":{"line":8,"column":18}},"loc":{"start":{"line":8,"column":23},"end":{"line":16,"column":5}},"line":8}},"branchMap":{"0":{"loc":{"start":{"line":9,"column":6},"end":{"line":15,"column":7}},"type":"if","locations":[{"start":{"line":9,"column":6},"end":{"line":15,"column":7}},{"start":{"line":13,"column":13},"end":{"line":15,"column":7}}],"line":9},"1":{"loc":{"start":{"line":18,"column":4},"end":{"line":23,"column":5}},"type":"if","locations":[{"start":{"line":18,"column":4},"end":{"line":23,"column":5}},{"start":{"line":21,"column":11},"end":{"line":23,"column":5}}],"line":18}},"s":{"0":1,"1":1,"2":1,"3":1,"4":0,"5":0,"6":0,"7":0,"8":0,"9":0,"10":0,"11":0,"12":0,"13":0,"14":1},"f":{"0":1,"1":0,"2":0},"b":{"0":[0,0],"1":[0,0]},"_coverageSchema":"1a1c01bbd47fc00a2c39e90264f33305004495a9","hash":"f383a3becf058fabeb5c522b038a103d41b6db96"}
,"/Users/stevenkim/Desktop/HackReactor/atelier/src/ratings-reviews/lib/fetchFunctions.js": {"path":"/Users/stevenkim/Desktop/HackReactor/atelier/src/ratings-reviews/lib/fetchFunctions.js","statementMap":{"0":{"start":{"line":3,"column":33},"end":{"line":5,"column":1}},"1":{"start":{"line":4,"column":2},"end":{"line":4,"column":45}},"2":{"start":{"line":7,"column":28},"end":{"line":10,"column":1}},"3":{"start":{"line":8,"column":2},"end":{"line":8,"column":17}},"4":{"start":{"line":9,"column":2},"end":{"line":9,"column":44}},"5":{"start":{"line":12,"column":29},"end":{"line":15,"column":1}},"6":{"start":{"line":13,"column":25},"end":{"line":13,"column":35}},"7":{"start":{"line":14,"column":2},"end":{"line":14,"column":106}},"8":{"start":{"line":17,"column":33},"end":{"line":19,"column":1}},"9":{"start":{"line":18,"column":2},"end":{"line":18,"column":54}},"10":{"start":{"line":21,"column":26},"end":{"line":23,"column":1}},"11":{"start":{"line":22,"column":2},"end":{"line":22,"column":56}}},"fnMap":{"0":{"name":"(anonymous_0)","decl":{"start":{"line":3,"column":33},"end":{"line":3,"column":34}},"loc":{"start":{"line":3,"column":41},"end":{"line":5,"column":1}},"line":3},"1":{"name":"(anonymous_1)","decl":{"start":{"line":7,"column":28},"end":{"line":7,"column":29}},"loc":{"start":{"line":7,"column":36},"end":{"line":10,"column":1}},"line":7},"2":{"name":"(anonymous_2)","decl":{"start":{"line":12,"column":29},"end":{"line":12,"column":30}},"loc":{"start":{"line":12,"column":67},"end":{"line":15,"column":1}},"line":12},"3":{"name":"(anonymous_3)","decl":{"start":{"line":17,"column":33},"end":{"line":17,"column":34}},"loc":{"start":{"line":17,"column":41},"end":{"line":19,"column":1}},"line":17},"4":{"name":"(anonymous_4)","decl":{"start":{"line":21,"column":26},"end":{"line":21,"column":27}},"loc":{"start":{"line":21,"column":40},"end":{"line":23,"column":1}},"line":21}},"branchMap":{"0":{"loc":{"start":{"line":12,"column":46},"end":{"line":12,"column":62}},"type":"default-arg","locations":[{"start":{"line":12,"column":57},"end":{"line":12,"column":62}}],"line":12},"1":{"loc":{"start":{"line":14,"column":54},"end":{"line":14,"column":80}},"type":"cond-expr","locations":[{"start":{"line":14,"column":65},"end":{"line":14,"column":73}},{"start":{"line":14,"column":76},"end":{"line":14,"column":80}}],"line":14}},"s":{"0":1,"1":0,"2":1,"3":0,"4":0,"5":1,"6":0,"7":0,"8":1,"9":0,"10":1,"11":0},"f":{"0":0,"1":0,"2":0,"3":0,"4":0},"b":{"0":[0],"1":[0,0]},"_coverageSchema":"1a1c01bbd47fc00a2c39e90264f33305004495a9","hash":"c1bb23bdc5eeb03b83f8185402fdb203a4d4d472"}
,"/Users/stevenkim/Desktop/HackReactor/atelier/src/ratings-reviews/lib/utilityFunctions.js": {"path":"/Users/stevenkim/Desktop/HackReactor/atelier/src/ratings-reviews/lib/utilityFunctions.js","statementMap":{"0":{"start":{"line":1,"column":32},"end":{"line":7,"column":1}},"1":{"start":{"line":2,"column":14},"end":{"line":2,"column":15}},"2":{"start":{"line":3,"column":2},"end":{"line":5,"column":3}},"3":{"start":{"line":4,"column":4},"end":{"line":4,"column":46}},"4":{"start":{"line":6,"column":2},"end":{"line":6,"column":53}},"5":{"start":{"line":9,"column":37},"end":{"line":15,"column":1}},"6":{"start":{"line":10,"column":2},"end":{"line":14,"column":3}},"7":{"start":{"line":11,"column":4},"end":{"line":13,"column":5}},"8":{"start":{"line":12,"column":6},"end":{"line":12,"column":61}},"9":{"start":{"line":17,"column":37},"end":{"line":27,"column":1}},"10":{"start":{"line":18,"column":24},"end":{"line":18,"column":26}},"11":{"start":{"line":19,"column":2},"end":{"line":25,"column":3}},"12":{"start":{"line":20,"column":4},"end":{"line":24,"column":6}},"13":{"start":{"line":26,"column":2},"end":{"line":26,"column":25}},"14":{"start":{"line":29,"column":15},"end":{"line":42,"column":1}},"15":{"start":{"line":44,"column":27},"end":{"line":47,"column":1}},"16":{"start":{"line":45,"column":23},"end":{"line":45,"column":52}},"17":{"start":{"line":46,"column":2},"end":{"line":46,"column":77}}},"fnMap":{"0":{"name":"(anonymous_0)","decl":{"start":{"line":1,"column":32},"end":{"line":1,"column":33}},"loc":{"start":{"line":1,"column":59},"end":{"line":7,"column":1}},"line":1},"1":{"name":"(anonymous_1)","decl":{"start":{"line":9,"column":37},"end":{"line":9,"column":38}},"loc":{"start":{"line":9,"column":54},"end":{"line":15,"column":1}},"line":9},"2":{"name":"(anonymous_2)","decl":{"start":{"line":17,"column":37},"end":{"line":17,"column":38}},"loc":{"start":{"line":17,"column":47},"end":{"line":27,"column":1}},"line":17},"3":{"name":"(anonymous_3)","decl":{"start":{"line":44,"column":27},"end":{"line":44,"column":28}},"loc":{"start":{"line":44,"column":37},"end":{"line":47,"column":1}},"line":44}},"branchMap":{"0":{"loc":{"start":{"line":11,"column":4},"end":{"line":13,"column":5}},"type":"if","locations":[{"start":{"line":11,"column":4},"end":{"line":13,"column":5}},{"start":{},"end":{}}],"line":11}},"s":{"0":1,"1":0,"2":0,"3":0,"4":0,"5":1,"6":0,"7":0,"8":0,"9":1,"10":0,"11":0,"12":0,"13":0,"14":1,"15":1,"16":23,"17":23},"f":{"0":0,"1":0,"2":0,"3":23},"b":{"0":[0,0]},"_coverageSchema":"1a1c01bbd47fc00a2c39e90264f33305004495a9","hash":"199f9415de12bd646fc04495c9d3a6ad916d8c8b"}
}
