TN:
SF:example-data/reviewData.js
FNF:0
FNH:0
DA:1,1
DA:69,1
LF:2
LH:2
BRF:0
BRH:0
end_of_record
TN:
SF:src/components/star-rating/StarRating.jsx
FN:5,(anonymous_0)
FN:6,(anonymous_1)
FN:13,(anonymous_2)
FN:26,(anonymous_3)
FNF:4
FNH:4
FNDA:18,(anonymous_0)
FNDA:18,(anonymous_1)
FNDA:90,(anonymous_2)
FNDA:90,(anonymous_3)
DA:5,2
DA:6,18
DA:7,18
DA:9,18
DA:14,90
DA:27,90
LF:6
LH:6
BRF:0
BRH:0
end_of_record
TN:
SF:src/components/star-rating/convertRating.js
FN:3,(anonymous_0)
FNF:1
FNH:1
FNDA:21,(anonymous_0)
DA:3,2
DA:4,21
DA:5,21
DA:6,21
DA:7,16
DA:9,5
DA:12,5
LF:7
LH:7
BRDA:6,0,0,16
BRDA:6,0,1,5
BRDA:9,1,0,3
BRDA:9,1,1,2
BRF:4
BRH:4
end_of_record
TN:
SF:src/qa/AnswerEntry.jsx
FN:6,AnswerEntry
FN:12,(anonymous_1)
FN:15,(anonymous_2)
FN:19,(anonymous_3)
FN:25,(anonymous_4)
FN:28,(anonymous_5)
FN:31,(anonymous_6)
FN:41,(anonymous_7)
FN:54,(anonymous_8)
FN:63,(anonymous_9)
FNF:10
FNH:1
FNDA:12,AnswerEntry
FNDA:0,(anonymous_1)
FNDA:0,(anonymous_2)
FNDA:0,(anonymous_3)
FNDA:0,(anonymous_4)
FNDA:0,(anonymous_5)
FNDA:0,(anonymous_6)
FNDA:0,(anonymous_7)
FNDA:0,(anonymous_8)
FNDA:0,(anonymous_9)
DA:1,3
DA:7,12
DA:8,12
DA:9,12
DA:10,12
DA:12,12
DA:13,0
DA:14,0
DA:16,0
DA:17,0
DA:20,0
DA:25,12
DA:26,0
DA:27,0
DA:29,0
DA:32,0
DA:37,12
DA:42,0
DA:54,0
DA:63,0
LF:20
LH:8
BRDA:13,0,0,0
BRDA:13,0,1,0
BRDA:26,1,0,0
BRDA:26,1,1,0
BRDA:47,2,0,12
BRDA:47,2,1,0
BRDA:53,3,0,0
BRDA:53,3,1,12
BRDA:53,4,0,12
BRDA:53,4,1,0
BRDA:62,5,0,0
BRDA:62,5,1,12
BRDA:62,6,0,12
BRDA:62,6,1,0
BRDA:63,7,0,0
BRDA:63,7,1,12
BRF:16
BRH:6
end_of_record
TN:
SF:src/qa/AnswerList.jsx
FN:4,AnswerList
FN:8,(anonymous_1)
FNF:2
FNH:2
FNDA:4,AnswerList
FNDA:7,(anonymous_1)
DA:5,4
DA:9,7
LF:2
LH:2
BRDA:6,0,0,4
BRDA:6,0,1,0
BRDA:13,1,0,4
BRDA:13,1,1,3
BRDA:13,1,2,2
BRDA:17,2,0,4
BRDA:17,2,1,3
BRDA:17,2,2,1
BRF:8
BRH:7
end_of_record
TN:
SF:src/qa/QuestionEntry.jsx
FN:5,QuestionEntry
FN:13,(anonymous_1)
FN:16,(anonymous_2)
FN:20,(anonymous_3)
FN:27,(anonymous_4)
FN:32,(anonymous_5)
FN:37,(anonymous_6)
FN:39,(anonymous_7)
FN:40,(anonymous_8)
FN:55,(anonymous_9)
FN:73,(anonymous_10)
FNF:11
FNH:2
FNDA:1,QuestionEntry
FNDA:0,(anonymous_1)
FNDA:0,(anonymous_2)
FNDA:0,(anonymous_3)
FNDA:0,(anonymous_4)
FNDA:0,(anonymous_5)
FNDA:1,(anonymous_6)
FNDA:0,(anonymous_7)
FNDA:0,(anonymous_8)
FNDA:0,(anonymous_9)
FNDA:0,(anonymous_10)
DA:6,1
DA:7,1
DA:8,1
DA:9,1
DA:10,1
DA:11,1
DA:13,1
DA:14,0
DA:17,0
DA:18,0
DA:21,0
DA:25,1
DA:27,1
DA:28,0
DA:29,0
DA:32,1
DA:33,0
DA:34,0
DA:37,1
DA:38,1
DA:40,0
DA:41,0
DA:42,0
DA:44,0
DA:45,0
DA:46,0
DA:47,0
DA:49,0
DA:52,0
DA:53,0
DA:56,0
DA:60,1
DA:73,0
LF:33
LH:13
BRDA:14,0,0,0
BRDA:14,0,1,0
BRDA:44,1,0,0
BRDA:44,1,1,0
BRDA:44,2,0,0
BRDA:44,2,1,0
BRDA:46,3,0,0
BRDA:46,3,1,0
BRDA:46,4,0,0
BRDA:46,4,1,0
BRDA:72,5,0,0
BRDA:72,5,1,1
BRDA:72,6,0,1
BRDA:72,6,1,0
BRF:14
BRH:2
end_of_record
TN:
SF:src/qa/convertDate.js
FN:1,(anonymous_0)
FNF:1
FNH:1
FNDA:16,(anonymous_0)
DA:1,3
DA:2,16
DA:3,16
DA:9,16
LF:4
LH:4
BRF:0
BRH:0
end_of_record
TN:
SF:src/qa/example-data/answersData.js
FNF:0
FNH:0
DA:1,2
LF:1
LH:1
BRF:0
BRH:0
end_of_record
TN:
SF:src/qa/example-data/questionsData.js
FNF:0
FNH:0
DA:1,1
LF:1
LH:1
BRF:0
BRH:0
end_of_record
TN:
SF:src/ratings-reviews/components/ReviewItem.jsx
FN:6,(anonymous_0)
FN:13,(anonymous_1)
FN:15,(anonymous_2)
FN:19,(anonymous_3)
FN:22,(anonymous_4)
FN:25,(anonymous_5)
FN:28,(anonymous_6)
FN:33,(anonymous_7)
FN:36,(anonymous_8)
FN:39,(anonymous_9)
FN:60,(anonymous_10)
FN:65,(anonymous_11)
FN:66,(anonymous_12)
FN:80,(anonymous_13)
FN:82,(anonymous_14)
FNF:15
FNH:3
FNDA:15,(anonymous_0)
FNDA:15,(anonymous_1)
FNDA:15,(anonymous_2)
FNDA:0,(anonymous_3)
FNDA:0,(anonymous_4)
FNDA:0,(anonymous_5)
FNDA:0,(anonymous_6)
FNDA:0,(anonymous_7)
FNDA:0,(anonymous_8)
FNDA:0,(anonymous_9)
FNDA:0,(anonymous_10)
FNDA:0,(anonymous_11)
FNDA:0,(anonymous_12)
FNDA:0,(anonymous_13)
FNDA:0,(anonymous_14)
DA:6,1
DA:8,15
DA:10,15
DA:11,15
DA:12,15
DA:13,15
DA:15,15
DA:16,15
DA:19,15
DA:20,0
DA:21,0
DA:23,0
DA:26,0
DA:29,0
DA:33,15
DA:34,0
DA:35,0
DA:37,0
DA:40,0
DA:44,15
DA:60,0
DA:66,0
DA:80,0
DA:82,0
LF:24
LH:11
BRDA:16,0,0,0
BRDA:16,0,1,15
BRDA:20,1,0,0
BRDA:20,1,1,0
BRDA:34,2,0,0
BRDA:34,2,1,0
BRDA:49,3,0,15
BRDA:49,3,1,0
BRDA:56,4,0,15
BRDA:56,4,1,0
BRDA:70,5,0,15
BRDA:70,5,1,6
BRDA:72,6,0,15
BRDA:72,6,1,0
BRF:14
BRH:6
end_of_record
TN:
SF:src/ratings-reviews/components/ReviewsHeader.jsx
FN:4,(anonymous_0)
FN:8,(anonymous_1)
FN:15,(anonymous_2)
FN:20,(anonymous_3)
FNF:4
FNH:2
FNDA:1,(anonymous_0)
FNDA:1,(anonymous_1)
FNDA:0,(anonymous_2)
FNDA:0,(anonymous_3)
DA:4,1
DA:5,1
DA:6,1
DA:8,1
DA:9,1
DA:12,1
DA:15,0
DA:20,0
LF:8
LH:6
BRF:0
BRH:0
end_of_record
TN:
SF:src/ratings-reviews/components/ReviewsList.jsx
FN:6,(anonymous_0)
FN:10,(anonymous_1)
FN:11,(anonymous_2)
FN:17,(anonymous_3)
FN:29,(anonymous_4)
FN:33,(anonymous_5)
FN:42,(anonymous_6)
FN:49,(anonymous_7)
FNF:8
FNH:4
FNDA:1,(anonymous_0)
FNDA:1,(anonymous_1)
FNDA:5,(anonymous_2)
FNDA:0,(anonymous_3)
FNDA:0,(anonymous_4)
FNDA:5,(anonymous_5)
FNDA:0,(anonymous_6)
FNDA:0,(anonymous_7)
DA:6,1
DA:7,1
DA:8,1
DA:10,1
DA:11,1
DA:12,5
DA:13,0
DA:17,1
DA:18,0
DA:19,0
DA:20,0
DA:21,0
DA:24,1
DA:26,1
DA:29,0
DA:34,5
DA:42,0
DA:49,0
LF:18
LH:10
BRDA:12,0,0,5
BRDA:12,0,1,0
BRDA:19,1,0,0
BRDA:19,1,1,0
BRDA:20,2,0,0
BRDA:20,2,1,0
BRDA:30,3,0,1
BRDA:30,3,1,0
BRDA:48,4,0,1
BRDA:48,4,1,0
BRF:10
BRH:3
end_of_record
TN:
SF:src/ratings-reviews/hooks/useDebounce.jsx
FN:3,(anonymous_0)
FN:6,(anonymous_1)
FN:7,(anonymous_2)
FN:11,(anonymous_3)
FNF:4
FNH:3
FNDA:1,(anonymous_0)
FNDA:1,(anonymous_1)
FNDA:0,(anonymous_2)
FNDA:1,(anonymous_3)
DA:3,1
DA:4,1
DA:6,1
DA:7,1
DA:8,0
DA:11,1
DA:14,1
LF:7
LH:6
BRF:0
BRH:0
end_of_record
TN:
SF:src/ratings-reviews/hooks/useThrottle.jsx
FN:3,(anonymous_0)
FN:7,(anonymous_1)
FN:8,(anonymous_2)
FNF:3
FNH:1
FNDA:1,(anonymous_0)
FNDA:0,(anonymous_1)
FNDA:0,(anonymous_2)
DA:3,1
DA:4,1
DA:5,1
DA:7,1
DA:8,0
DA:9,0
DA:10,0
DA:11,0
DA:12,0
DA:14,0
DA:18,0
DA:19,0
DA:20,0
DA:22,0
DA:26,1
LF:15
LH:5
BRDA:9,0,0,0
BRDA:9,0,1,0
BRDA:18,1,0,0
BRDA:18,1,1,0
BRF:4
BRH:0
end_of_record
TN:
SF:src/ratings-reviews/lib/fetchFunctions.js
FN:3,(anonymous_0)
FN:7,(anonymous_1)
FN:12,(anonymous_2)
FN:17,(anonymous_3)
FN:21,(anonymous_4)
FNF:5
FNH:0
FNDA:0,(anonymous_0)
FNDA:0,(anonymous_1)
FNDA:0,(anonymous_2)
FNDA:0,(anonymous_3)
FNDA:0,(anonymous_4)
DA:3,1
DA:4,0
DA:7,1
DA:8,0
DA:9,0
DA:12,1
DA:13,0
DA:14,0
DA:17,1
DA:18,0
DA:21,1
DA:22,0
LF:12
LH:5
BRDA:12,0,0,0
BRDA:14,1,0,0
BRDA:14,1,1,0
BRF:3
BRH:0
end_of_record
TN:
SF:src/ratings-reviews/lib/utilityFunctions.js
FN:1,(anonymous_0)
FN:9,(anonymous_1)
FN:17,(anonymous_2)
FN:44,(anonymous_3)
FNF:4
FNH:1
FNDA:0,(anonymous_0)
FNDA:0,(anonymous_1)
FNDA:0,(anonymous_2)
FNDA:23,(anonymous_3)
DA:1,1
DA:2,0
DA:3,0
DA:4,0
DA:6,0
DA:9,1
DA:10,0
DA:11,0
DA:12,0
DA:17,1
DA:18,0
DA:19,0
DA:20,0
DA:26,0
DA:29,1
DA:44,1
DA:45,23
DA:46,23
LF:18
LH:7
BRDA:11,0,0,0
BRDA:11,0,1,0
BRF:2
BRH:0
end_of_record
